# JRE version: OpenJDK Runtime Environment (11.0.12+7) (build 11.0.12+7-b1504.28-7817840)
# Java VM: OpenJDK 64-Bit Server VM (11.0.12+7-b1504.28-7817840, mixed mode, tiered, compressed oops, g1 gc, windows-amd64)
Heap:
 garbage-first heap   total 615424K, used 206851K [0x0000000080000000, 0x0000000100000000)
  region size 1024K, 3 young (3072K), 3 survivors (3072K)
 Metaspace       used 122674K, capacity 125794K, committed 126584K, reserved 1159168K
  class space    used 15623K, capacity 16780K, committed 17100K, reserved 1048576K
GC Heap History (20 events):
Event: 42.154 GC heap after
{Heap after GC invocations=55 (full 0):
 garbage-first heap   total 187392K, used 113183K [0x0000000080000000, 0x0000000100000000)
  region size 1024K, 3 young (3072K), 3 survivors (3072K)
 Metaspace       used 120078K, capacity 123255K, committed 123384K, reserved 1157120K
  class space    used 15420K, capacity 16619K, committed 16716K, reserved 1048576K
}
Event: 42.239 GC heap before
{Heap before GC invocations=55 (full 0):
 garbage-first heap   total 187392K, used 118303K [0x0000000080000000, 0x0000000100000000)
  region size 1024K, 9 young (9216K), 3 survivors (3072K)
 Metaspace       used 120598K, capacity 123852K, committed 123896K, reserved 1157120K
  class space    used 15464K, capacity 16685K, committed 16716K, reserved 1048576K
}
Event: 42.247 GC heap after
{Heap after GC invocations=56 (full 0):
 garbage-first heap   total 187392K, used 106035K [0x0000000080000000, 0x0000000100000000)
  region size 1024K, 2 young (2048K), 2 survivors (2048K)
 Metaspace       used 120598K, capacity 123852K, committed 123896K, reserved 1157120K
  class space    used 15464K, capacity 16685K, committed 16716K, reserved 1048576K
}
Event: 43.175 GC heap before
{Heap before GC invocations=56 (full 0):
 garbage-first heap   total 187392K, used 185907K [0x0000000080000000, 0x0000000100000000)
  region size 1024K, 41 young (41984K), 2 survivors (2048K)
 Metaspace       used 122027K, capacity 125392K, committed 125688K, reserved 1159168K
  class space    used 15631K, capacity 16904K, committed 16972K, reserved 1048576K
}
Event: 43.266 GC heap after
{Heap after GC invocations=57 (full 0):
 garbage-first heap   total 193536K, used 128109K [0x0000000080000000, 0x0000000100000000)
  region size 1024K, 6 young (6144K), 6 survivors (6144K)
 Metaspace       used 122027K, capacity 125392K, committed 125688K, reserved 1159168K
  class space    used 15631K, capacity 16904K, committed 16972K, reserved 1048576K
}
Event: 43.429 GC heap before
{Heap before GC invocations=57 (full 0):
 garbage-first heap   total 193536K, used 164973K [0x0000000080000000, 0x0000000100000000)
  region size 1024K, 39 young (39936K), 6 survivors (6144K)
 Metaspace       used 122062K, capacity 125457K, committed 125688K, reserved 1159168K
  class space    used 15631K, capacity 16904K, committed 16972K, reserved 1048576K
}
Event: 43.464 GC heap after
{Heap after GC invocations=58 (full 0):
 garbage-first heap   total 193536K, used 144087K [0x0000000080000000, 0x0000000100000000)
  region size 1024K, 5 young (5120K), 5 survivors (5120K)
 Metaspace       used 122062K, capacity 125457K, committed 125688K, reserved 1159168K
  class space    used 15631K, capacity 16904K, committed 16972K, reserved 1048576K
}
Event: 43.765 GC heap before
{Heap before GC invocations=58 (full 0):
 garbage-first heap   total 193536K, used 160471K [0x0000000080000000, 0x0000000100000000)
  region size 1024K, 22 young (22528K), 5 survivors (5120K)
 Metaspace       used 122882K, capacity 126238K, committed 126328K, reserved 1159168K
  class space    used 15780K, capacity 17037K, committed 17100K, reserved 1048576K
}
Event: 43.788 GC heap after
{Heap after GC invocations=59 (full 0):
 garbage-first heap   total 193536K, used 152972K [0x0000000080000000, 0x0000000100000000)
  region size 1024K, 3 young (3072K), 3 survivors (3072K)
 Metaspace       used 122882K, capacity 126238K, committed 126328K, reserved 1159168K
  class space    used 15780K, capacity 17037K, committed 17100K, reserved 1048576K
}
Event: 44.070 GC heap before
{Heap before GC invocations=59 (full 0):
 garbage-first heap   total 193536K, used 161164K [0x0000000080000000, 0x0000000100000000)
  region size 1024K, 13 young (13312K), 3 survivors (3072K)
 Metaspace       used 122452K, capacity 125590K, committed 126584K, reserved 1159168K
  class space    used 15617K, capacity 16743K, committed 17100K, reserved 1048576K
}
Event: 44.087 GC heap after
{Heap after GC invocations=60 (full 0):
 garbage-first heap   total 193536K, used 157141K [0x0000000080000000, 0x0000000100000000)
  region size 1024K, 2 young (2048K), 2 survivors (2048K)
 Metaspace       used 122452K, capacity 125590K, committed 126584K, reserved 1159168K
  class space    used 15617K, capacity 16743K, committed 17100K, reserved 1048576K
}
Event: 44.221 GC heap before
{Heap before GC invocations=61 (full 0):
 garbage-first heap   total 193536K, used 164309K [0x0000000080000000, 0x0000000100000000)
  region size 1024K, 9 young (9216K), 2 survivors (2048K)
 Metaspace       used 122452K, capacity 125591K, committed 126584K, reserved 1159168K
  class space    used 15617K, capacity 16743K, committed 17100K, reserved 1048576K
}
Event: 44.320 GC heap after
{Heap after GC invocations=62 (full 0):
 garbage-first heap   total 312320K, used 161476K [0x0000000080000000, 0x0000000100000000)
  region size 1024K, 2 young (2048K), 2 survivors (2048K)
 Metaspace       used 122452K, capacity 125591K, committed 126584K, reserved 1159168K
  class space    used 15617K, capacity 16743K, committed 17100K, reserved 1048576K
}
Event: 44.522 GC heap before
{Heap before GC invocations=62 (full 0):
 garbage-first heap   total 312320K, used 174788K [0x0000000080000000, 0x0000000100000000)
  region size 1024K, 15 young (15360K), 2 survivors (2048K)
 Metaspace       used 122458K, capacity 125591K, committed 126584K, reserved 1159168K
  class space    used 15617K, capacity 16743K, committed 17100K, reserved 1048576K
}
Event: 44.536 GC heap after
{Heap after GC invocations=63 (full 0):
 garbage-first heap   total 312320K, used 166108K [0x0000000080000000, 0x0000000100000000)
  region size 1024K, 2 young (2048K), 2 survivors (2048K)
 Metaspace       used 122458K, capacity 125591K, committed 126584K, reserved 1159168K
  class space    used 15617K, capacity 16743K, committed 17100K, reserved 1048576K
}
Event: 44.872 GC heap before
{Heap before GC invocations=63 (full 0):
 garbage-first heap   total 312320K, used 211164K [0x0000000080000000, 0x0000000100000000)
  region size 1024K, 45 young (46080K), 2 survivors (2048K)
 Metaspace       used 122543K, capacity 125643K, committed 126584K, reserved 1159168K
  class space    used 15623K, capacity 16780K, committed 17100K, reserved 1048576K
}
Event: 44.898 GC heap after
{Heap after GC invocations=64 (full 0):
 garbage-first heap   total 312320K, used 191744K [0x0000000080000000, 0x0000000100000000)
  region size 1024K, 6 young (6144K), 6 survivors (6144K)
 Metaspace       used 122543K, capacity 125643K, committed 126584K, reserved 1159168K
  class space    used 15623K, capacity 16780K, committed 17100K, reserved 1048576K
}
Event: 45.191 GC heap before
{Heap before GC invocations=64 (full 0):
 garbage-first heap   total 312320K, used 227584K [0x0000000080000000, 0x0000000100000000)
  region size 1024K, 40 young (40960K), 6 survivors (6144K)
 Metaspace       used 122627K, capacity 125729K, committed 126584K, reserved 1159168K
  class space    used 15623K, capacity 16780K, committed 17100K, reserved 1048576K
}
Event: 45.212 GC heap after
{Heap after GC invocations=65 (full 0):
 garbage-first heap   total 312320K, used 198656K [0x0000000080000000, 0x0000000100000000)
  region size 1024K, 5 young (5120K), 5 survivors (5120K)
 Metaspace       used 122627K, capacity 125729K, committed 126584K, reserved 1159168K
  class space    used 15623K, capacity 16780K, committed 17100K, reserved 1048576K
}
Event: 45.591 GC heap before
{Heap before GC invocations=65 (full 0):
 garbage-first heap   total 312320K, used 238592K [0x0000000080000000, 0x0000000100000000)
  region size 1024K, 40 young (40960K), 5 survivors (5120K)
 Metaspace       used 122674K, capacity 125794K, committed 126584K, reserved 1159168K
  class space    used 15623K, capacity 16780K, committed 17100K, reserved 1048576K
}

